<?xml version="1.0" encoding="UTF-8"?>
<testsuite name="kpy.util.extension.ConditionsKtTest" tests="1" skipped="0" failures="0" errors="0" timestamp="2021-07-31T16:30:41" hostname="DESKTOP-247518Q" time="0.023">
  <properties/>
  <testcase name="ifNull()" classname="kpy.util.extension.ConditionsKtTest" time="0.023"/>
  <system-out><![CDATA[null : is null]]></system-out>
  <system-err><![CDATA[]]></system-err>
</testsuite>
