<?xml version="1.0" encoding="UTF-8"?>
<testsuite name="kpy.utils.CurrencyKtTest" tests="3" skipped="0" failures="0" errors="0" timestamp="2021-08-25T20:17:39" hostname="DESKTOP-GB548BL" time="0.052">
  <properties/>
  <testcase name="centsToDollarsFormat" classname="kpy.utils.CurrencyKtTest" time="0.03"/>
  <testcase name="formatPrice" classname="kpy.utils.CurrencyKtTest" time="0.018"/>
  <testcase name="centsToDollars" classname="kpy.utils.CurrencyKtTest" time="0.003"/>
  <system-out><![CDATA[]]></system-out>
  <system-err><![CDATA[]]></system-err>
</testsuite>
