<?xml version="1.0" encoding="UTF-8"?>
<testsuite name="kpy.util.security.CryptoTest" tests="8" skipped="0" failures="0" errors="0" timestamp="2021-07-25T13:40:21" hostname="DESKTOP-247518Q" time="0.536">
  <properties/>
  <testcase name="generate otp without character()" classname="kpy.util.security.CryptoTest" time="0.049"/>
  <testcase name="generate otp()" classname="kpy.util.security.CryptoTest" time="0.002"/>
  <testcase name="generate password without symbols()" classname="kpy.util.security.CryptoTest" time="0.001"/>
  <testcase name="generate password()" classname="kpy.util.security.CryptoTest" time="0.0"/>
  <testcase name="hash password()" classname="kpy.util.security.CryptoTest" time="0.233"/>
  <testcase name="cryptography()" classname="kpy.util.security.CryptoTest" time="0.014"/>
  <testcase name="length hashes and encrypted content()" classname="kpy.util.security.CryptoTest" time="0.228"/>
  <testcase name="Url encoding()" classname="kpy.util.security.CryptoTest" time="0.002"/>
  <system-out><![CDATA[?[0;36m[25/07/2021-18:10:21] [Test worker] INFO/generate otp with out character: 09575?[0m
?[0;36m[25/07/2021-18:10:21] [Test worker] INFO/generate otp: kRvmoD?[0m
?[0;36m[25/07/2021-18:10:21] [Test worker] INFO/generate password with out symbols: vaPOvMfU?[0m
?[0;36m[25/07/2021-18:10:21] [Test worker] INFO/generate password: 8.sD@zxJ?[0m
?[0;36m[25/07/2021-18:10:21] [Test worker] INFO/hash password toHex: DA 4C 79 A8 FF E0 95 24 E8 E6 C3 1B C6 A1 AE 9B?[0m
?[0;36m[25/07/2021-18:10:21] [Test worker] INFO/hash password toReversedHex: 9B AE A1 C6 1B C3 E6 E8 24 95 E0 FF A8 79 4C DA?[0m
?[0;36m[25/07/2021-18:10:21] [Test worker] INFO/hash password toDec: 218761211682552241493623223019527198161174155?[0m
?[0;36m[25/07/2021-18:10:21] [Test worker] INFO/hash password toReversedDec: 155174161198271952302323614922425516812176218?[0m
?[0;36m[25/07/2021-18:10:21] [Test worker] INFO/cryptography text: hi my name is jakode?[0m
?[0;36m[25/07/2021-18:10:21] [Test worker] INFO/cryptography encrypt: hrZRAbGUsVM6sDO5AVadIyxTFm2UP2i/nktNwGkrB7E=?[0m
?[0;36m[25/07/2021-18:10:22] [Test worker] INFO/hashedPhone length: 47?[0m
?[0;36m[25/07/2021-18:10:22] [Test worker] INFO/hashedEmail length: 47?[0m
?[0;36m[25/07/2021-18:10:22] [Test worker] INFO/phoneEncrypt length: 24?[0m
?[0;36m[25/07/2021-18:10:22] [Test worker] INFO/emailEncrypt length: 88?[0m
?[0;36m[25/07/2021-18:10:22] [Test worker] INFO/encoding url: aHR0cHM6Ly93d3cuZ29vZ2xlLmNvLm56Lz9nZmVfcmQ9Y3ImZWk9ZHpiRlYmZ3dzX3JkPXNzbCNxPWphdmE=?[0m
?[0;36m[25/07/2021-18:10:22] [Test worker] INFO/decoded url: https://www.google.co.nz/?gfe_rd=cr&ei=dzbFV&gws_rd=ssl#q=java?[0m
]]></system-out>
  <system-err><![CDATA[]]></system-err>
</testsuite>
