<?xml version="1.0" encoding="UTF-8"?>
<testsuite name="kpy.util.extension.ConditionsKtTest" tests="4" skipped="0" failures="0" errors="0" timestamp="2021-07-31T09:25:33" hostname="DESKTOP-247518Q" time="0.006">
  <properties/>
  <testcase name="ifNull()" classname="kpy.util.extension.ConditionsKtTest" time="0.003"/>
  <testcase name="ifNull with returns value()" classname="kpy.util.extension.ConditionsKtTest" time="0.0"/>
  <testcase name="ifNotNull with returns value()" classname="kpy.util.extension.ConditionsKtTest" time="0.0"/>
  <testcase name="ifNotNull()" classname="kpy.util.extension.ConditionsKtTest" time="0.0"/>
  <system-out><![CDATA[null : is nullnull : is nullvalue is hellovalue is hello]]></system-out>
  <system-err><![CDATA[]]></system-err>
</testsuite>
