<?xml version="1.0" encoding="UTF-8"?>
<testsuite name="kpy.struct.pool.DefaultPoolTest" tests="1" skipped="0" failures="0" errors="0" timestamp="2021-08-25T20:17:40" hostname="DESKTOP-GB548BL" time="0.006">
  <properties/>
  <testcase name="pool()" classname="kpy.struct.pool.DefaultPoolTest" time="0.006"/>
  <system-out><![CDATA[]]></system-out>
  <system-err><![CDATA[]]></system-err>
</testsuite>
