<?xml version="1.0" encoding="UTF-8"?>
<testsuite name="kpy.struct.ResultKtTest" tests="1" skipped="0" failures="0" errors="0" timestamp="2021-08-26T14:44:14" hostname="DESKTOP-GB548BL" time="0.004">
  <properties/>
  <testcase name="resultState()" classname="kpy.struct.ResultKtTest" time="0.004"/>
  <system-out><![CDATA[]]></system-out>
  <system-err><![CDATA[]]></system-err>
</testsuite>
