<?xml version="1.0" encoding="UTF-8"?>
<testsuite name="kpy.util.extension.CollectionsKtTest" tests="18" skipped="0" failures="0" errors="0" timestamp="2021-07-19T13:10:44" hostname="DESKTOP-247518Q" time="0.062">
  <properties/>
  <testcase name="find triple of sum long()" classname="kpy.util.extension.CollectionsKtTest" time="0.03"/>
  <testcase name="testVectorOf()" classname="kpy.util.extension.CollectionsKtTest" time="0.011"/>
  <testcase name="testLinkedListOf()" classname="kpy.util.extension.CollectionsKtTest" time="0.001"/>
  <testcase name="find triple of sum int()" classname="kpy.util.extension.CollectionsKtTest" time="0.001"/>
  <testcase name="testHashTableOf()" classname="kpy.util.extension.CollectionsKtTest" time="0.003"/>
  <testcase name="testHead()" classname="kpy.util.extension.CollectionsKtTest" time="0.002"/>
  <testcase name="testTail()" classname="kpy.util.extension.CollectionsKtTest" time="0.001"/>
  <testcase name="find pair of sum double()" classname="kpy.util.extension.CollectionsKtTest" time="0.0"/>
  <testcase name="find pair of sum long()" classname="kpy.util.extension.CollectionsKtTest" time="0.001"/>
  <testcase name="find triple of sum float()" classname="kpy.util.extension.CollectionsKtTest" time="0.002"/>
  <testcase name="testQueueOf()" classname="kpy.util.extension.CollectionsKtTest" time="0.001"/>
  <testcase name="find pair of sum int()" classname="kpy.util.extension.CollectionsKtTest" time="0.0"/>
  <testcase name="find pair of sum float()" classname="kpy.util.extension.CollectionsKtTest" time="0.001"/>
  <testcase name="testDequeOf()" classname="kpy.util.extension.CollectionsKtTest" time="0.0"/>
  <testcase name="testArrayDequeOf()" classname="kpy.util.extension.CollectionsKtTest" time="0.003"/>
  <testcase name="testPriorityQueueOf()" classname="kpy.util.extension.CollectionsKtTest" time="0.001"/>
  <testcase name="testStackOf()" classname="kpy.util.extension.CollectionsKtTest" time="0.001"/>
  <testcase name="find triple of sum double()" classname="kpy.util.extension.CollectionsKtTest" time="0.0"/>
  <system-out><![CDATA[]]></system-out>
  <system-err><![CDATA[]]></system-err>
</testsuite>
