<?xml version="1.0" encoding="UTF-8"?>
<testsuite name="kpy.struct.validation.PasswordTest" tests="2" skipped="0" failures="0" errors="0" timestamp="2021-07-31T09:25:33" hostname="DESKTOP-247518Q" time="0.177">
  <properties/>
  <testcase name="check password is valid()" classname="kpy.struct.validation.PasswordTest" time="0.157"/>
  <testcase name="check length is valid()" classname="kpy.struct.validation.PasswordTest" time="0.019"/>
  <system-out><![CDATA[]]></system-out>
  <system-err><![CDATA[]]></system-err>
</testsuite>
