<?xml version="1.0" encoding="UTF-8"?>
<testsuite name="kpy.util.struct.DataStateKtTest" tests="1" skipped="0" failures="0" errors="0" timestamp="2021-07-13T19:05:46" hostname="DESKTOP-247518Q" time="0.026">
  <properties/>
  <testcase name="dataState()" classname="kpy.util.struct.DataStateKtTest" time="0.026"/>
  <system-out><![CDATA[]]></system-out>
  <system-err><![CDATA[]]></system-err>
</testsuite>
