<?xml version="1.0" encoding="UTF-8"?>
<testsuite name="kpy.utils.MathKtTest" tests="5" skipped="0" failures="0" errors="0" timestamp="2021-08-23T16:29:11" hostname="DESKTOP-GB548BL" time="0.013">
  <properties/>
  <testcase name="isEven()" classname="kpy.utils.MathKtTest" time="0.002"/>
  <testcase name="isOdd()" classname="kpy.utils.MathKtTest" time="0.001"/>
  <testcase name="round()" classname="kpy.utils.MathKtTest" time="0.004"/>
  <testcase name="radians()" classname="kpy.utils.MathKtTest" time="0.001"/>
  <testcase name="degrees()" classname="kpy.utils.MathKtTest" time="0.001"/>
  <system-out><![CDATA[]]></system-out>
  <system-err><![CDATA[]]></system-err>
</testsuite>
