<?xml version="1.0" encoding="UTF-8"?>
<testsuite name="kpy.util.extension.ConditionsKtTest" tests="4" skipped="0" failures="0" errors="0" timestamp="2021-07-19T13:10:45" hostname="DESKTOP-247518Q" time="0.004">
  <properties/>
  <testcase name="ifNull()" classname="kpy.util.extension.ConditionsKtTest" time="0.002"/>
  <testcase name="ifNull with returns value()" classname="kpy.util.extension.ConditionsKtTest" time="0.001"/>
  <testcase name="ifNotNull with returns value()" classname="kpy.util.extension.ConditionsKtTest" time="0.001"/>
  <testcase name="ifNotNull()" classname="kpy.util.extension.ConditionsKtTest" time="0.0"/>
  <system-out><![CDATA[null : is nullnull : is nullvalue is hellovalue is hello]]></system-out>
  <system-err><![CDATA[]]></system-err>
</testsuite>
