<?xml version="1.0" encoding="UTF-8"?>
<testsuite name="kpy.utils.ColorKtTest" tests="3" skipped="0" failures="0" errors="0" timestamp="2021-08-25T20:17:40" hostname="DESKTOP-GB548BL" time="0.06">
  <properties/>
  <testcase name="awtColor()" classname="kpy.utils.ColorKtTest" time="0.057"/>
  <testcase name="hexToRGB()" classname="kpy.utils.ColorKtTest" time="0.001"/>
  <testcase name="colorToHexString()" classname="kpy.utils.ColorKtTest" time="0.001"/>
  <system-out><![CDATA[]]></system-out>
  <system-err><![CDATA[]]></system-err>
</testsuite>
