<?xml version="1.0" encoding="UTF-8"?>
<testsuite name="kpy.itext7.UnicodeConverterTest" tests="6" skipped="0" failures="0" errors="0" timestamp="2021-07-21T15:14:42" hostname="DESKTOP-247518Q" time="0.053">
  <properties/>
  <testcase name="toPersianUnicode fourChar()" classname="kpy.itext7.UnicodeConverterTest" time="0.046"/>
  <testcase name="toPersianNumber()" classname="kpy.itext7.UnicodeConverterTest" time="0.001"/>
  <testcase name="toPersianUnicode oneChar()" classname="kpy.itext7.UnicodeConverterTest" time="0.001"/>
  <testcase name="toPersianUnicode twoChar()" classname="kpy.itext7.UnicodeConverterTest" time="0.002"/>
  <testcase name="toPersianUnicode threeChar()" classname="kpy.itext7.UnicodeConverterTest" time="0.002"/>
  <testcase name="toPersianUnicode()" classname="kpy.itext7.UnicodeConverterTest" time="0.001"/>
  <system-out><![CDATA[]]></system-out>
  <system-err><![CDATA[]]></system-err>
</testsuite>
