<?xml version="1.0" encoding="UTF-8"?>
<testsuite name="kpy.util.log.LogTest" tests="8" skipped="0" failures="0" errors="0" timestamp="2021-07-17T10:32:05" hostname="DESKTOP-247518Q" time="0.045">
  <properties/>
  <testcase name="log DEBUG with tag()" classname="kpy.util.log.LogTest" time="0.036"/>
  <testcase name="log WARN with tag()" classname="kpy.util.log.LogTest" time="0.001"/>
  <testcase name="log INFO with tag()" classname="kpy.util.log.LogTest" time="0.0"/>
  <testcase name="log DEBUG()" classname="kpy.util.log.LogTest" time="0.0"/>
  <testcase name="log ERROR()" classname="kpy.util.log.LogTest" time="0.0"/>
  <testcase name="log ERROR with tag()" classname="kpy.util.log.LogTest" time="0.0"/>
  <testcase name="log INFO()" classname="kpy.util.log.LogTest" time="0.0"/>
  <testcase name="log WARN()" classname="kpy.util.log.LogTest" time="0.001"/>
  <system-out><![CDATA[]]></system-out>
  <system-err><![CDATA[]]></system-err>
</testsuite>
