<?xml version="1.0" encoding="UTF-8"?>
<testsuite name="kpy.util.random.RandomKtTest" tests="6" skipped="0" failures="0" errors="0" timestamp="2021-07-12T18:04:04" hostname="DESKTOP-247518Q" time="0.059">
  <properties/>
  <testcase name="choice list()" classname="kpy.util.random.RandomKtTest" time="0.039"/>
  <testcase name="randLong()" classname="kpy.util.random.RandomKtTest" time="0.005"/>
  <testcase name="choice map()" classname="kpy.util.random.RandomKtTest" time="0.004"/>
  <testcase name="choice set()" classname="kpy.util.random.RandomKtTest" time="0.008"/>
  <testcase name="randInt()" classname="kpy.util.random.RandomKtTest" time="0.002"/>
  <testcase name="choice array()" classname="kpy.util.random.RandomKtTest" time="0.001"/>
  <system-out><![CDATA[]]></system-out>
  <system-err><![CDATA[]]></system-err>
</testsuite>
