<?xml version="1.0" encoding="UTF-8"?>
<testsuite name="kpy.log.LogTest" tests="8" skipped="0" failures="0" errors="0" timestamp="2021-08-26T14:44:14" hostname="DESKTOP-GB548BL" time="0.015">
  <properties/>
  <testcase name="log DEBUG with tag()" classname="kpy.log.LogTest" time="0.009"/>
  <testcase name="log WARN with tag()" classname="kpy.log.LogTest" time="0.0"/>
  <testcase name="log INFO with tag()" classname="kpy.log.LogTest" time="0.0"/>
  <testcase name="log DEBUG()" classname="kpy.log.LogTest" time="0.001"/>
  <testcase name="log ERROR()" classname="kpy.log.LogTest" time="0.001"/>
  <testcase name="log ERROR with tag()" classname="kpy.log.LogTest" time="0.0"/>
  <testcase name="log INFO()" classname="kpy.log.LogTest" time="0.0"/>
  <testcase name="log WARN()" classname="kpy.log.LogTest" time="0.0"/>
  <system-out><![CDATA[]]></system-out>
  <system-err><![CDATA[]]></system-err>
</testsuite>
