<?xml version="1.0" encoding="UTF-8"?>
<testsuite name="kpy.struct.validation.PasswordTest" tests="2" skipped="0" failures="0" errors="0" timestamp="2021-08-14T10:38:21" hostname="DESKTOP-GB548BL" time="0.027">
  <properties/>
  <testcase name="check password is valid()" classname="kpy.struct.validation.PasswordTest" time="0.026"/>
  <testcase name="check length is valid()" classname="kpy.struct.validation.PasswordTest" time="0.0"/>
  <system-out><![CDATA[]]></system-out>
  <system-err><![CDATA[]]></system-err>
</testsuite>
