<?xml version="1.0" encoding="UTF-8"?>
<testsuite name="kpy.struct.EmailTest" tests="1" skipped="0" failures="0" errors="0" timestamp="2021-07-21T20:10:43" hostname="DESKTOP-247518Q" time="0.002">
  <properties/>
  <testcase name="email validation()" classname="kpy.struct.EmailTest" time="0.002"/>
  <system-out><![CDATA[]]></system-out>
  <system-err><![CDATA[]]></system-err>
</testsuite>
