<?xml version="1.0" encoding="UTF-8"?>
<testsuite name="kpy.util.random.RandomKtTest" tests="7" skipped="0" failures="0" errors="0" timestamp="2021-07-22T19:58:32" hostname="DESKTOP-247518Q" time="0.074">
  <properties/>
  <testcase name="choice list()" classname="kpy.util.random.RandomKtTest" time="0.038"/>
  <testcase name="choices set()" classname="kpy.util.random.RandomKtTest" time="0.027"/>
  <testcase name="choices list()" classname="kpy.util.random.RandomKtTest" time="0.001"/>
  <testcase name="choice map()" classname="kpy.util.random.RandomKtTest" time="0.002"/>
  <testcase name="choice set()" classname="kpy.util.random.RandomKtTest" time="0.0"/>
  <testcase name="choices array()" classname="kpy.util.random.RandomKtTest" time="0.001"/>
  <testcase name="choice array()" classname="kpy.util.random.RandomKtTest" time="0.0"/>
  <system-out><![CDATA[?[0;36m[23/07/2021-00:28:32] [Test worker] INFO/CHOICES_ARRAY 1 -> 4?[0m
?[0;36m[23/07/2021-00:28:32] [Test worker] INFO/CHOICES_ARRAY 2 -> 0?[0m
?[0;36m[23/07/2021-00:28:32] [Test worker] INFO/CHOICES_ARRAY 3 -> 0?[0m
?[0;36m[23/07/2021-00:28:32] [Test worker] INFO/CHOICES_ARRAY 4 -> 0?[0m
?[0;36m[23/07/2021-00:28:32] [Test worker] INFO/CHOICES_ARRAY 5 -> 1?[0m
?[0;36m[23/07/2021-00:28:32] [Test worker] INFO/CHOICES_ARRAY 1 -> 2?[0m
?[0;36m[23/07/2021-00:28:32] [Test worker] INFO/CHOICES_ARRAY 2 -> 3?[0m
?[0;36m[23/07/2021-00:28:32] [Test worker] INFO/CHOICES_ARRAY 3 -> 0?[0m
?[0;36m[23/07/2021-00:28:32] [Test worker] INFO/CHOICES_ARRAY 4 -> 2?[0m
?[0;36m[23/07/2021-00:28:32] [Test worker] INFO/CHOICES_ARRAY 5 -> 3?[0m
?[0;36m[23/07/2021-00:28:32] [Test worker] INFO/CHOICES_ARRAY 1 -> 2?[0m
?[0;36m[23/07/2021-00:28:32] [Test worker] INFO/CHOICES_ARRAY 2 -> 1?[0m
?[0;36m[23/07/2021-00:28:32] [Test worker] INFO/CHOICES_ARRAY 3 -> 1?[0m
?[0;36m[23/07/2021-00:28:32] [Test worker] INFO/CHOICES_ARRAY 4 -> 3?[0m
?[0;36m[23/07/2021-00:28:32] [Test worker] INFO/CHOICES_ARRAY 5 -> 13?[0m
]]></system-out>
  <system-err><![CDATA[]]></system-err>
</testsuite>
