<?xml version="1.0" encoding="UTF-8"?>
<testsuite name="kpy.utils.CurrencyKtTest" tests="3" skipped="0" failures="0" errors="0" timestamp="2021-08-26T14:44:14" hostname="DESKTOP-GB548BL" time="0.028">
  <properties/>
  <testcase name="centsToDollarsFormat" classname="kpy.utils.CurrencyKtTest" time="0.016"/>
  <testcase name="formatPrice" classname="kpy.utils.CurrencyKtTest" time="0.01"/>
  <testcase name="centsToDollars" classname="kpy.utils.CurrencyKtTest" time="0.002"/>
  <system-out><![CDATA[]]></system-out>
  <system-err><![CDATA[]]></system-err>
</testsuite>
