<?xml version="1.0" encoding="UTF-8"?>
<testsuite name="kpy.utils.MathKtTest" tests="5" skipped="0" failures="0" errors="0" timestamp="2021-08-26T14:44:15" hostname="DESKTOP-GB548BL" time="0.005">
  <properties/>
  <testcase name="isEven()" classname="kpy.utils.MathKtTest" time="0.001"/>
  <testcase name="isOdd()" classname="kpy.utils.MathKtTest" time="0.001"/>
  <testcase name="round()" classname="kpy.utils.MathKtTest" time="0.002"/>
  <testcase name="radians()" classname="kpy.utils.MathKtTest" time="0.0"/>
  <testcase name="degrees()" classname="kpy.utils.MathKtTest" time="0.0"/>
  <system-out><![CDATA[]]></system-out>
  <system-err><![CDATA[]]></system-err>
</testsuite>
