<?xml version="1.0" encoding="UTF-8"?>
<testsuite name="kpy.struct.validation.PhoneTest" tests="1" skipped="0" failures="0" errors="0" timestamp="2021-07-31T09:25:33" hostname="DESKTOP-247518Q" time="0.003">
  <properties/>
  <testcase name="phone validation()" classname="kpy.struct.validation.PhoneTest" time="0.003"/>
  <system-out><![CDATA[]]></system-out>
  <system-err><![CDATA[]]></system-err>
</testsuite>
