<?xml version="1.0" encoding="UTF-8"?>
<testsuite name="kpy.util.extension.MathKtTest" tests="2" skipped="0" failures="0" errors="0" timestamp="2021-07-19T13:10:45" hostname="DESKTOP-247518Q" time="0.002">
  <properties/>
  <testcase name="isEven()" classname="kpy.util.extension.MathKtTest" time="0.001"/>
  <testcase name="isOdd()" classname="kpy.util.extension.MathKtTest" time="0.0"/>
  <system-out><![CDATA[]]></system-out>
  <system-err><![CDATA[]]></system-err>
</testsuite>
