<?xml version="1.0" encoding="UTF-8"?>
<testsuite name="kpy.utils.FormatterKtTest" tests="3" skipped="0" failures="0" errors="0" timestamp="2021-08-26T14:44:15" hostname="DESKTOP-GB548BL" time="0.002">
  <properties/>
  <testcase name="remove decimal part()" classname="kpy.utils.FormatterKtTest" time="0.0"/>
  <testcase name="formatCreditCard()" classname="kpy.utils.FormatterKtTest" time="0.0"/>
  <testcase name="separate number with pattern()" classname="kpy.utils.FormatterKtTest" time="0.001"/>
  <system-out><![CDATA[]]></system-out>
  <system-err><![CDATA[]]></system-err>
</testsuite>
