<?xml version="1.0" encoding="UTF-8"?>
<testsuite name="kpy.utils.TimeKtTest" tests="1" skipped="0" failures="0" errors="0" timestamp="2021-08-26T14:44:14" hostname="DESKTOP-GB548BL" time="0.004">
  <properties/>
  <testcase name="timeAgo" classname="kpy.utils.TimeKtTest" time="0.004"/>
  <system-out><![CDATA[]]></system-out>
  <system-err><![CDATA[]]></system-err>
</testsuite>
