<?xml version="1.0" encoding="UTF-8"?>
<testsuite name="kpy.util.extension.StringsKtTest" tests="4" skipped="0" failures="0" errors="0" timestamp="2021-07-31T09:25:33" hostname="DESKTOP-247518Q" time="0.002">
  <properties/>
  <testcase name="appendSpace()" classname="kpy.util.extension.StringsKtTest" time="0.0"/>
  <testcase name="isNumber()" classname="kpy.util.extension.StringsKtTest" time="0.001"/>
  <testcase name="isPersianNumber()" classname="kpy.util.extension.StringsKtTest" time="0.0"/>
  <testcase name="isEnglish()" classname="kpy.util.extension.StringsKtTest" time="0.0"/>
  <system-out><![CDATA[]]></system-out>
  <system-err><![CDATA[]]></system-err>
</testsuite>
