<?xml version="1.0" encoding="UTF-8"?>
<testsuite name="kpy.util.random.RandomKtTest" tests="7" skipped="0" failures="0" errors="0" timestamp="2021-07-31T09:25:33" hostname="DESKTOP-247518Q" time="0.017">
  <properties/>
  <testcase name="choice list()" classname="kpy.util.random.RandomKtTest" time="0.008"/>
  <testcase name="choices set()" classname="kpy.util.random.RandomKtTest" time="0.003"/>
  <testcase name="choices list()" classname="kpy.util.random.RandomKtTest" time="0.001"/>
  <testcase name="choice map()" classname="kpy.util.random.RandomKtTest" time="0.0"/>
  <testcase name="choice set()" classname="kpy.util.random.RandomKtTest" time="0.0"/>
  <testcase name="choices array()" classname="kpy.util.random.RandomKtTest" time="0.001"/>
  <testcase name="choice array()" classname="kpy.util.random.RandomKtTest" time="0.0"/>
  <system-out><![CDATA[?[0;36m[31/07/2021-13:55:33] [Test worker] INFO/CHOICES_ARRAY 1 -> 0?[0m
?[0;36m[31/07/2021-13:55:33] [Test worker] INFO/CHOICES_ARRAY 2 -> 0?[0m
?[0;36m[31/07/2021-13:55:33] [Test worker] INFO/CHOICES_ARRAY 3 -> 2?[0m
?[0;36m[31/07/2021-13:55:33] [Test worker] INFO/CHOICES_ARRAY 4 -> 3?[0m
?[0;36m[31/07/2021-13:55:33] [Test worker] INFO/CHOICES_ARRAY 5 -> 0?[0m
?[0;36m[31/07/2021-13:55:33] [Test worker] INFO/CHOICES_ARRAY 1 -> 2?[0m
?[0;36m[31/07/2021-13:55:33] [Test worker] INFO/CHOICES_ARRAY 2 -> 2?[0m
?[0;36m[31/07/2021-13:55:33] [Test worker] INFO/CHOICES_ARRAY 3 -> 1?[0m
?[0;36m[31/07/2021-13:55:33] [Test worker] INFO/CHOICES_ARRAY 4 -> 3?[0m
?[0;36m[31/07/2021-13:55:33] [Test worker] INFO/CHOICES_ARRAY 5 -> 2?[0m
?[0;36m[31/07/2021-13:55:33] [Test worker] INFO/CHOICES_ARRAY 1 -> 2?[0m
?[0;36m[31/07/2021-13:55:33] [Test worker] INFO/CHOICES_ARRAY 2 -> 1?[0m
?[0;36m[31/07/2021-13:55:33] [Test worker] INFO/CHOICES_ARRAY 3 -> 4?[0m
?[0;36m[31/07/2021-13:55:33] [Test worker] INFO/CHOICES_ARRAY 4 -> 1?[0m
?[0;36m[31/07/2021-13:55:33] [Test worker] INFO/CHOICES_ARRAY 5 -> 12?[0m
]]></system-out>
  <system-err><![CDATA[]]></system-err>
</testsuite>
