<?xml version="1.0" encoding="UTF-8"?>
<testsuite name="kpy.struct.DataStateKtTest" tests="1" skipped="0" failures="0" errors="0" timestamp="2021-07-19T13:10:44" hostname="DESKTOP-247518Q" time="0.038">
  <properties/>
  <testcase name="dataState()" classname="kpy.struct.DataStateKtTest" time="0.038"/>
  <system-out><![CDATA[]]></system-out>
  <system-err><![CDATA[]]></system-err>
</testsuite>
