<?xml version="1.0" encoding="UTF-8"?>
<testsuite name="kpy.struct.validation.PhoneTest" tests="1" skipped="0" failures="0" errors="0" timestamp="2021-08-14T10:38:21" hostname="DESKTOP-GB548BL" time="0.001">
  <properties/>
  <testcase name="phone validation()" classname="kpy.struct.validation.PhoneTest" time="0.001"/>
  <system-out><![CDATA[]]></system-out>
  <system-err><![CDATA[]]></system-err>
</testsuite>
