<?xml version="1.0" encoding="UTF-8"?>
<testsuite name="kpy.utils.OperationsKtTest" tests="8" skipped="0" failures="0" errors="0" timestamp="2021-08-25T20:17:40" hostname="DESKTOP-GB548BL" time="0.016">
  <properties/>
  <testcase name="boolean nor()" classname="kpy.utils.OperationsKtTest" time="0.001"/>
  <testcase name="String times()" classname="kpy.utils.OperationsKtTest" time="0.001"/>
  <testcase name="boolean nand()" classname="kpy.utils.OperationsKtTest" time="0.001"/>
  <testcase name="boolean xnor()" classname="kpy.utils.OperationsKtTest" time="0.001"/>
  <testcase name="nor()" classname="kpy.utils.OperationsKtTest" time="0.0"/>
  <testcase name="not()" classname="kpy.utils.OperationsKtTest" time="0.001"/>
  <testcase name="nand()" classname="kpy.utils.OperationsKtTest" time="0.0"/>
  <testcase name="xnor()" classname="kpy.utils.OperationsKtTest" time="0.003"/>
  <system-out><![CDATA[]]></system-out>
  <system-err><![CDATA[]]></system-err>
</testsuite>
