<?xml version="1.0" encoding="UTF-8"?>
<testsuite name="kpy.struct.validation.EmailTest" tests="1" skipped="0" failures="0" errors="0" timestamp="2021-08-23T16:29:10" hostname="DESKTOP-GB548BL" time="0.001">
  <properties/>
  <testcase name="email validation()" classname="kpy.struct.validation.EmailTest" time="0.001"/>
  <system-out><![CDATA[]]></system-out>
  <system-err><![CDATA[]]></system-err>
</testsuite>
