<?xml version="1.0" encoding="UTF-8"?>
<testsuite name="kpy.util.extension.CollectionsKtTest" tests="1" skipped="0" failures="0" errors="0" timestamp="2021-07-20T19:08:06" hostname="DESKTOP-247518Q" time="0.053">
  <properties/>
  <testcase name="build array from range()" classname="kpy.util.extension.CollectionsKtTest" time="0.053"/>
  <system-out><![CDATA[]]></system-out>
  <system-err><![CDATA[]]></system-err>
</testsuite>
