<?xml version="1.0" encoding="UTF-8"?>
<testsuite name="kpy.random.RandomKtTest" tests="9" skipped="0" failures="0" errors="0" timestamp="2021-08-26T14:44:14" hostname="DESKTOP-GB548BL" time="0.051">
  <properties/>
  <testcase name="choice list()" classname="kpy.random.RandomKtTest" time="0.022"/>
  <testcase name="choices set()" classname="kpy.random.RandomKtTest" time="0.015"/>
  <testcase name="choices list()" classname="kpy.random.RandomKtTest" time="0.002"/>
  <testcase name="choice map()" classname="kpy.random.RandomKtTest" time="0.001"/>
  <testcase name="choice set()" classname="kpy.random.RandomKtTest" time="0.0"/>
  <testcase name="nextLong()" classname="kpy.random.RandomKtTest" time="0.005"/>
  <testcase name="nextInt()" classname="kpy.random.RandomKtTest" time="0.003"/>
  <testcase name="choices array()" classname="kpy.random.RandomKtTest" time="0.001"/>
  <testcase name="choice array()" classname="kpy.random.RandomKtTest" time="0.0"/>
  <system-out><![CDATA[?[0;36m[26/08/2021-19:14:14] [Test worker] INFO/CHOICES_ARRAY 1 -> 1?[0m
?[0;36m[26/08/2021-19:14:14] [Test worker] INFO/CHOICES_ARRAY 2 -> 0?[0m
?[0;36m[26/08/2021-19:14:14] [Test worker] INFO/CHOICES_ARRAY 3 -> 3?[0m
?[0;36m[26/08/2021-19:14:14] [Test worker] INFO/CHOICES_ARRAY 4 -> 1?[0m
?[0;36m[26/08/2021-19:14:14] [Test worker] INFO/CHOICES_ARRAY 5 -> 0?[0m
?[0;36m[26/08/2021-19:14:14] [Test worker] INFO/CHOICES_ARRAY 1 -> 4?[0m
?[0;36m[26/08/2021-19:14:14] [Test worker] INFO/CHOICES_ARRAY 2 -> 0?[0m
?[0;36m[26/08/2021-19:14:14] [Test worker] INFO/CHOICES_ARRAY 3 -> 1?[0m
?[0;36m[26/08/2021-19:14:14] [Test worker] INFO/CHOICES_ARRAY 4 -> 2?[0m
?[0;36m[26/08/2021-19:14:14] [Test worker] INFO/CHOICES_ARRAY 5 -> 3?[0m
?[0;36m[26/08/2021-19:14:14] [Test worker] INFO/CHOICES_ARRAY 1 -> 2?[0m
?[0;36m[26/08/2021-19:14:14] [Test worker] INFO/CHOICES_ARRAY 2 -> 2?[0m
?[0;36m[26/08/2021-19:14:14] [Test worker] INFO/CHOICES_ARRAY 3 -> 2?[0m
?[0;36m[26/08/2021-19:14:14] [Test worker] INFO/CHOICES_ARRAY 4 -> 0?[0m
?[0;36m[26/08/2021-19:14:14] [Test worker] INFO/CHOICES_ARRAY 5 -> 14?[0m
]]></system-out>
  <system-err><![CDATA[]]></system-err>
</testsuite>
