<?xml version="1.0" encoding="UTF-8"?>
<testsuite name="kpy.util.extension.FormatKtTest" tests="2" skipped="0" failures="0" errors="0" timestamp="2021-08-14T10:38:21" hostname="DESKTOP-GB548BL" time="0.008">
  <properties/>
  <testcase name="remove decimal part()" classname="kpy.util.extension.FormatKtTest" time="0.007"/>
  <testcase name="separate number with pattern()" classname="kpy.util.extension.FormatKtTest" time="0.001"/>
  <system-out><![CDATA[]]></system-out>
  <system-err><![CDATA[]]></system-err>
</testsuite>
