<?xml version="1.0" encoding="UTF-8"?>
<testsuite name="kpy.random.RandomKtTest" tests="9" skipped="0" failures="0" errors="0" timestamp="2021-08-25T20:17:40" hostname="DESKTOP-GB548BL" time="0.08">
  <properties/>
  <testcase name="choice list()" classname="kpy.random.RandomKtTest" time="0.024"/>
  <testcase name="choices set()" classname="kpy.random.RandomKtTest" time="0.02"/>
  <testcase name="choices list()" classname="kpy.random.RandomKtTest" time="0.003"/>
  <testcase name="choice map()" classname="kpy.random.RandomKtTest" time="0.001"/>
  <testcase name="choice set()" classname="kpy.random.RandomKtTest" time="0.0"/>
  <testcase name="nextLong()" classname="kpy.random.RandomKtTest" time="0.018"/>
  <testcase name="nextInt()" classname="kpy.random.RandomKtTest" time="0.003"/>
  <testcase name="choices array()" classname="kpy.random.RandomKtTest" time="0.003"/>
  <testcase name="choice array()" classname="kpy.random.RandomKtTest" time="0.001"/>
  <system-out><![CDATA[?[0;36m[26/08/2021-00:47:40] [Test worker] INFO/CHOICES_ARRAY 1 -> 2?[0m
?[0;36m[26/08/2021-00:47:40] [Test worker] INFO/CHOICES_ARRAY 2 -> 0?[0m
?[0;36m[26/08/2021-00:47:40] [Test worker] INFO/CHOICES_ARRAY 3 -> 1?[0m
?[0;36m[26/08/2021-00:47:40] [Test worker] INFO/CHOICES_ARRAY 4 -> 1?[0m
?[0;36m[26/08/2021-00:47:40] [Test worker] INFO/CHOICES_ARRAY 5 -> 1?[0m
?[0;36m[26/08/2021-00:47:40] [Test worker] INFO/CHOICES_ARRAY 1 -> 2?[0m
?[0;36m[26/08/2021-00:47:40] [Test worker] INFO/CHOICES_ARRAY 2 -> 5?[0m
?[0;36m[26/08/2021-00:47:40] [Test worker] INFO/CHOICES_ARRAY 3 -> 2?[0m
?[0;36m[26/08/2021-00:47:40] [Test worker] INFO/CHOICES_ARRAY 4 -> 1?[0m
?[0;36m[26/08/2021-00:47:40] [Test worker] INFO/CHOICES_ARRAY 5 -> 0?[0m
?[0;36m[26/08/2021-00:47:40] [Test worker] INFO/CHOICES_ARRAY 1 -> 3?[0m
?[0;36m[26/08/2021-00:47:40] [Test worker] INFO/CHOICES_ARRAY 2 -> 3?[0m
?[0;36m[26/08/2021-00:47:40] [Test worker] INFO/CHOICES_ARRAY 3 -> 2?[0m
?[0;36m[26/08/2021-00:47:40] [Test worker] INFO/CHOICES_ARRAY 4 -> 1?[0m
?[0;36m[26/08/2021-00:47:40] [Test worker] INFO/CHOICES_ARRAY 5 -> 11?[0m
]]></system-out>
  <system-err><![CDATA[]]></system-err>
</testsuite>
